<?xml version="1.0" encoding="UTF-8"?>
<!-- Generated by org.testng.reporters.JUnitReportReporter -->
<testsuite hostname="Somashekars-iMac.local" failures="0" tests="3" name="com.nucot.qa.hrm.pagetests.HomePageTest" time="26.259" errors="0" timestamp="2023-12-23T18:17:59 IST" skipped="0">
  <testcase classname="com.nucot.qa.hrm.pagetests.HomePageTest" name="homePageUrlTest" time="1.905"/>
  <system-out/>
  <testcase classname="com.nucot.qa.hrm.pagetests.HomePageTest" name="homePageTitleTest" time="0.010"/>
  <system-out/>
  <testcase classname="com.nucot.qa.hrm.pagetests.HomePageTest" name="systemUserDetailsTest" time="24.344"/>
  <system-out/>
</testsuite> <!-- com.nucot.qa.hrm.pagetests.HomePageTest -->
