<?xml version="1.0" encoding="UTF-8"?>
<!-- Generated by org.testng.reporters.JUnitReportReporter -->
<testsuite hostname="Somashekars-iMac.local" failures="0" tests="1" name="com.nucot.qa.hrm.pagetests.ProductListPageTest" time="25.292" errors="0" timestamp="2023-12-23T18:43:40 IST" skipped="0">
  <testcase classname="com.nucot.qa.hrm.pagetests.ProductListPageTest" name="empInfo" time="25.292"/>
  <system-out/>
</testsuite> <!-- com.nucot.qa.hrm.pagetests.ProductListPageTest -->
