<?xml version="1.0" encoding="UTF-8"?>
<!-- Generated by org.testng.reporters.JUnitReportReporter -->
<testsuite hostname="Somashekars-iMac.local" failures="0" tests="3" name="com.nucot.qa.hrm.pagetests.LoginPageTest" time="1.644" errors="0" timestamp="2023-12-23T19:27:37 IST" skipped="0">
  <testcase classname="com.nucot.qa.hrm.pagetests.LoginPageTest" name="loginPageCurrentUrl" time="0.015"/>
  <system-out/>
  <testcase classname="com.nucot.qa.hrm.pagetests.LoginPageTest" name="loginPageTitle" time="0.019"/>
  <system-out/>
  <testcase classname="com.nucot.qa.hrm.pagetests.LoginPageTest" name="doLoginPageTest" time="1.610"/>
  <system-out/>
</testsuite> <!-- com.nucot.qa.hrm.pagetests.LoginPageTest -->
