<?xml version="1.0" encoding="UTF-8"?>
<!-- Generated by org.testng.reporters.JUnitReportReporter -->
<testsuite hostname="Somashekars-iMac.local" failures="0" tests="3" name="com.nucot.qa.hrm.pagetests.HomePageTest" time="24.574" errors="0" timestamp="2023-12-24T10:29:26 IST" skipped="0">
  <testcase classname="com.nucot.qa.hrm.pagetests.HomePageTest" name="homePageUrlTest" time="2.103"/>
  <system-out/>
  <testcase classname="com.nucot.qa.hrm.pagetests.HomePageTest" name="homePageTitleTest" time="0.008"/>
  <system-out/>
  <testcase classname="com.nucot.qa.hrm.pagetests.HomePageTest" name="systemUserDetailsTest" time="22.463"/>
  <system-out/>
</testsuite> <!-- com.nucot.qa.hrm.pagetests.HomePageTest -->
