<?xml version="1.0" encoding="UTF-8"?>
<!-- Generated by org.testng.reporters.JUnitReportReporter -->
<testsuite hostname="Somashekars-iMac.local" failures="0" tests="3" name="com.nucot.qa.hrm.pagetests.LoginPageTest" time="11.260" errors="0" timestamp="2023-12-24T10:25:54 IST" skipped="0">
  <testcase classname="com.nucot.qa.hrm.pagetests.LoginPageTest" name="loginPageCurrentUrl" time="0.027"/>
  <system-out/>
  <testcase classname="com.nucot.qa.hrm.pagetests.LoginPageTest" name="loginPageTitle" time="0.011"/>
  <system-out/>
  <testcase classname="com.nucot.qa.hrm.pagetests.LoginPageTest" name="doLoginPageTest" time="11.222"/>
  <system-out/>
</testsuite> <!-- com.nucot.qa.hrm.pagetests.LoginPageTest -->
